{"/Users/everettmcintire/Documents/csc/CSC436/server/index.js": {"path":"/Users/everettmcintire/Documents/csc/CSC436/server/index.js","statementMap":{"0":{"start":{"line":1,"column":16},"end":{"line":1,"column":34}},"1":{"start":{"line":2,"column":12},"end":{"line":2,"column":21}},"2":{"start":{"line":3,"column":19},"end":{"line":3,"column":41}},"3":{"start":{"line":4,"column":19},"end":{"line":4,"column":41}},"4":{"start":{"line":7,"column":0},"end":{"line":7,"column":33}},"5":{"start":{"line":8,"column":0},"end":{"line":8,"column":26}},"6":{"start":{"line":9,"column":0},"end":{"line":9,"column":34}},"7":{"start":{"line":11,"column":0},"end":{"line":11,"column":27}},"8":{"start":{"line":12,"column":0},"end":{"line":12,"column":16}},"9":{"start":{"line":15,"column":13},"end":{"line":15,"column":37}},"10":{"start":{"line":16,"column":15},"end":{"line":16,"column":82}},"11":{"start":{"line":16,"column":38},"end":{"line":16,"column":81}},"12":{"start":{"line":18,"column":0},"end":{"line":18,"column":24}}},"fnMap":{"0":{"name":"(anonymous_0)","decl":{"start":{"line":16,"column":32},"end":{"line":16,"column":33}},"loc":{"start":{"line":16,"column":38},"end":{"line":16,"column":81}},"line":16}},"branchMap":{"0":{"loc":{"start":{"line":15,"column":13},"end":{"line":15,"column":37}},"type":"binary-expr","locations":[{"start":{"line":15,"column":13},"end":{"line":15,"column":29}},{"start":{"line":15,"column":33},"end":{"line":15,"column":37}}],"line":15}},"s":{"0":2,"1":2,"2":2,"3":2,"4":2,"5":2,"6":2,"7":2,"8":2,"9":2,"10":2,"11":2,"12":2},"f":{"0":2},"b":{"0":[2,2]},"_coverageSchema":"1a1c01bbd47fc00a2c39e90264f33305004495a9","hash":"ae969c6e14ea5e0f67325f9215c42f39384a1c00"}
,"/Users/everettmcintire/Documents/csc/CSC436/server/middleware/auth.js": {"path":"/Users/everettmcintire/Documents/csc/CSC436/server/middleware/auth.js","statementMap":{"0":{"start":{"line":1,"column":12},"end":{"line":1,"column":35}},"1":{"start":{"line":2,"column":15},"end":{"line":2,"column":32}},"2":{"start":{"line":4,"column":0},"end":{"line":15,"column":2}},"3":{"start":{"line":5,"column":18},"end":{"line":5,"column":44}},"4":{"start":{"line":6,"column":4},"end":{"line":6,"column":68}},"5":{"start":{"line":6,"column":16},"end":{"line":6,"column":68}},"6":{"start":{"line":8,"column":4},"end":{"line":14,"column":5}},"7":{"start":{"line":9,"column":24},"end":{"line":9,"column":70}},"8":{"start":{"line":10,"column":8},"end":{"line":10,"column":27}},"9":{"start":{"line":11,"column":8},"end":{"line":11,"column":15}},"10":{"start":{"line":13,"column":8},"end":{"line":13,"column":49}}},"fnMap":{"0":{"name":"auth","decl":{"start":{"line":4,"column":26},"end":{"line":4,"column":30}},"loc":{"start":{"line":4,"column":47},"end":{"line":15,"column":1}},"line":4}},"branchMap":{"0":{"loc":{"start":{"line":6,"column":4},"end":{"line":6,"column":68}},"type":"if","locations":[{"start":{"line":6,"column":4},"end":{"line":6,"column":68}},{"start":{"line":6,"column":4},"end":{"line":6,"column":68}}],"line":6}},"s":{"0":3,"1":3,"2":3,"3":4,"4":4,"5":1,"6":3,"7":3,"8":2,"9":2,"10":1},"f":{"0":4},"b":{"0":[1,3]},"_coverageSchema":"1a1c01bbd47fc00a2c39e90264f33305004495a9","hash":"7b015ca9861f87abc506c1c91bcba71b353ce7f4"}
,"/Users/everettmcintire/Documents/csc/CSC436/server/middleware/error.js": {"path":"/Users/everettmcintire/Documents/csc/CSC436/server/middleware/error.js","statementMap":{"0":{"start":{"line":1,"column":0},"end":{"line":4,"column":1}},"1":{"start":{"line":2,"column":4},"end":{"line":2,"column":36}},"2":{"start":{"line":3,"column":4},"end":{"line":3,"column":50}}},"fnMap":{"0":{"name":"(anonymous_0)","decl":{"start":{"line":1,"column":17},"end":{"line":1,"column":18}},"loc":{"start":{"line":1,"column":47},"end":{"line":4,"column":1}},"line":1}},"branchMap":{},"s":{"0":2,"1":0,"2":0},"f":{"0":0},"b":{},"_coverageSchema":"1a1c01bbd47fc00a2c39e90264f33305004495a9","hash":"77a6d7e9d3e908343252d35a1bc965115c993ae1"}
,"/Users/everettmcintire/Documents/csc/CSC436/server/middleware/validateObjectId.js": {"path":"/Users/everettmcintire/Documents/csc/CSC436/server/middleware/validateObjectId.js","statementMap":{"0":{"start":{"line":1,"column":17},"end":{"line":1,"column":36}},"1":{"start":{"line":3,"column":0},"end":{"line":7,"column":1}},"2":{"start":{"line":4,"column":4},"end":{"line":5,"column":50}},"3":{"start":{"line":5,"column":8},"end":{"line":5,"column":50}},"4":{"start":{"line":6,"column":4},"end":{"line":6,"column":11}}},"fnMap":{"0":{"name":"(anonymous_0)","decl":{"start":{"line":3,"column":17},"end":{"line":3,"column":18}},"loc":{"start":{"line":3,"column":42},"end":{"line":7,"column":1}},"line":3}},"branchMap":{"0":{"loc":{"start":{"line":4,"column":4},"end":{"line":5,"column":50}},"type":"if","locations":[{"start":{"line":4,"column":4},"end":{"line":5,"column":50}},{"start":{"line":4,"column":4},"end":{"line":5,"column":50}}],"line":4}},"s":{"0":2,"1":2,"2":4,"3":1,"4":3},"f":{"0":4},"b":{"0":[1,3]},"_coverageSchema":"1a1c01bbd47fc00a2c39e90264f33305004495a9","hash":"a464d48978b910f21d9d89e3c26710fa834222f1"}
,"/Users/everettmcintire/Documents/csc/CSC436/server/models/user.js": {"path":"/Users/everettmcintire/Documents/csc/CSC436/server/models/user.js","statementMap":{"0":{"start":{"line":1,"column":12},"end":{"line":1,"column":26}},"1":{"start":{"line":2,"column":17},"end":{"line":2,"column":36}},"2":{"start":{"line":3,"column":12},"end":{"line":3,"column":35}},"3":{"start":{"line":4,"column":15},"end":{"line":4,"column":32}},"4":{"start":{"line":6,"column":18},"end":{"line":30,"column":2}},"5":{"start":{"line":32,"column":0},"end":{"line":38,"column":2}},"6":{"start":{"line":34,"column":4},"end":{"line":37,"column":7}},"7":{"start":{"line":40,"column":13},"end":{"line":40,"column":46}},"8":{"start":{"line":42,"column":15},"end":{"line":49,"column":2}},"9":{"start":{"line":51,"column":21},"end":{"line":56,"column":2}},"10":{"start":{"line":58,"column":0},"end":{"line":58,"column":24}},"11":{"start":{"line":59,"column":0},"end":{"line":59,"column":36}},"12":{"start":{"line":60,"column":0},"end":{"line":60,"column":20}}},"fnMap":{"0":{"name":"(anonymous_0)","decl":{"start":{"line":32,"column":38},"end":{"line":32,"column":39}},"loc":{"start":{"line":32,"column":50},"end":{"line":38,"column":1}},"line":32}},"branchMap":{},"s":{"0":3,"1":3,"2":3,"3":3,"4":3,"5":3,"6":4,"7":3,"8":3,"9":3,"10":3,"11":3,"12":3},"f":{"0":4},"b":{},"_coverageSchema":"1a1c01bbd47fc00a2c39e90264f33305004495a9","hash":"667ff2f84e9139d161056fde3518396f16abaa73"}
,"/Users/everettmcintire/Documents/csc/CSC436/server/routes/auth.js": {"path":"/Users/everettmcintire/Documents/csc/CSC436/server/routes/auth.js","statementMap":{"0":{"start":{"line":1,"column":16},"end":{"line":1,"column":34}},"1":{"start":{"line":2,"column":15},"end":{"line":2,"column":31}},"2":{"start":{"line":3,"column":15},"end":{"line":3,"column":32}},"3":{"start":{"line":4,"column":12},"end":{"line":4,"column":26}},"4":{"start":{"line":5,"column":15},"end":{"line":5,"column":40}},"5":{"start":{"line":7,"column":0},"end":{"line":19,"column":3}},"6":{"start":{"line":8,"column":22},"end":{"line":8,"column":47}},"7":{"start":{"line":9,"column":4},"end":{"line":9,"column":69}},"8":{"start":{"line":9,"column":15},"end":{"line":9,"column":69}},"9":{"start":{"line":11,"column":15},"end":{"line":11,"column":60}},"10":{"start":{"line":12,"column":4},"end":{"line":12,"column":72}},"11":{"start":{"line":12,"column":15},"end":{"line":12,"column":72}},"12":{"start":{"line":14,"column":26},"end":{"line":14,"column":80}},"13":{"start":{"line":15,"column":4},"end":{"line":15,"column":81}},"14":{"start":{"line":15,"column":24},"end":{"line":15,"column":81}},"15":{"start":{"line":17,"column":18},"end":{"line":17,"column":42}},"16":{"start":{"line":18,"column":4},"end":{"line":18,"column":20}},"17":{"start":{"line":21,"column":15},"end":{"line":24,"column":2}},"18":{"start":{"line":26,"column":0},"end":{"line":26,"column":24}}},"fnMap":{"0":{"name":"(anonymous_0)","decl":{"start":{"line":7,"column":17},"end":{"line":7,"column":18}},"loc":{"start":{"line":7,"column":37},"end":{"line":19,"column":1}},"line":7}},"branchMap":{"0":{"loc":{"start":{"line":9,"column":4},"end":{"line":9,"column":69}},"type":"if","locations":[{"start":{"line":9,"column":4},"end":{"line":9,"column":69}},{"start":{"line":9,"column":4},"end":{"line":9,"column":69}}],"line":9},"1":{"loc":{"start":{"line":12,"column":4},"end":{"line":12,"column":72}},"type":"if","locations":[{"start":{"line":12,"column":4},"end":{"line":12,"column":72}},{"start":{"line":12,"column":4},"end":{"line":12,"column":72}}],"line":12},"2":{"loc":{"start":{"line":15,"column":4},"end":{"line":15,"column":81}},"type":"if","locations":[{"start":{"line":15,"column":4},"end":{"line":15,"column":81}},{"start":{"line":15,"column":4},"end":{"line":15,"column":81}}],"line":15}},"s":{"0":2,"1":2,"2":2,"3":2,"4":2,"5":2,"6":0,"7":0,"8":0,"9":0,"10":0,"11":0,"12":0,"13":0,"14":0,"15":0,"16":0,"17":2,"18":2},"f":{"0":0},"b":{"0":[0,0],"1":[0,0],"2":[0,0]},"_coverageSchema":"1a1c01bbd47fc00a2c39e90264f33305004495a9","hash":"f1e8301879367fb8d2ebbac1c39f74cc555c6ee2"}
,"/Users/everettmcintire/Documents/csc/CSC436/server/routes/users.js": {"path":"/Users/everettmcintire/Documents/csc/CSC436/server/routes/users.js","statementMap":{"0":{"start":{"line":1,"column":16},"end":{"line":1,"column":34}},"1":{"start":{"line":2,"column":15},"end":{"line":2,"column":31}},"2":{"start":{"line":3,"column":15},"end":{"line":3,"column":32}},"3":{"start":{"line":4,"column":10},"end":{"line":4,"column":27}},"4":{"start":{"line":5,"column":13},"end":{"line":5,"column":42}},"5":{"start":{"line":6,"column":25},"end":{"line":6,"column":66}},"6":{"start":{"line":7,"column":39},"end":{"line":7,"column":64}},"7":{"start":{"line":9,"column":0},"end":{"line":12,"column":3}},"8":{"start":{"line":10,"column":17},"end":{"line":10,"column":70}},"9":{"start":{"line":11,"column":4},"end":{"line":11,"column":19}},"10":{"start":{"line":14,"column":0},"end":{"line":31,"column":3}},"11":{"start":{"line":16,"column":22},"end":{"line":16,"column":47}},"12":{"start":{"line":17,"column":4},"end":{"line":17,"column":69}},"13":{"start":{"line":17,"column":15},"end":{"line":17,"column":69}},"14":{"start":{"line":19,"column":15},"end":{"line":19,"column":60}},"15":{"start":{"line":20,"column":4},"end":{"line":20,"column":69}},"16":{"start":{"line":20,"column":14},"end":{"line":20,"column":69}},"17":{"start":{"line":22,"column":4},"end":{"line":22,"column":69}},"18":{"start":{"line":23,"column":17},"end":{"line":23,"column":41}},"19":{"start":{"line":24,"column":4},"end":{"line":24,"column":59}},"20":{"start":{"line":25,"column":4},"end":{"line":25,"column":22}},"21":{"start":{"line":27,"column":18},"end":{"line":27,"column":42}},"22":{"start":{"line":28,"column":4},"end":{"line":30,"column":6}},"23":{"start":{"line":33,"column":0},"end":{"line":52,"column":3}},"24":{"start":{"line":34,"column":22},"end":{"line":34,"column":53}},"25":{"start":{"line":35,"column":4},"end":{"line":35,"column":69}},"26":{"start":{"line":35,"column":15},"end":{"line":35,"column":69}},"27":{"start":{"line":37,"column":17},"end":{"line":43,"column":5}},"28":{"start":{"line":45,"column":4},"end":{"line":48,"column":63}},"29":{"start":{"line":46,"column":8},"end":{"line":48,"column":63}},"30":{"start":{"line":50,"column":4},"end":{"line":50,"column":19}},"31":{"start":{"line":54,"column":0},"end":{"line":64,"column":3}},"32":{"start":{"line":56,"column":17},"end":{"line":56,"column":60}},"33":{"start":{"line":58,"column":4},"end":{"line":61,"column":63}},"34":{"start":{"line":59,"column":8},"end":{"line":61,"column":63}},"35":{"start":{"line":63,"column":4},"end":{"line":63,"column":19}},"36":{"start":{"line":66,"column":0},"end":{"line":76,"column":3}},"37":{"start":{"line":68,"column":17},"end":{"line":68,"column":51}},"38":{"start":{"line":70,"column":4},"end":{"line":73,"column":63}},"39":{"start":{"line":71,"column":8},"end":{"line":73,"column":63}},"40":{"start":{"line":75,"column":4},"end":{"line":75,"column":19}},"41":{"start":{"line":78,"column":0},"end":{"line":78,"column":24}}},"fnMap":{"0":{"name":"(anonymous_0)","decl":{"start":{"line":9,"column":24},"end":{"line":9,"column":25}},"loc":{"start":{"line":9,"column":44},"end":{"line":12,"column":1}},"line":9},"1":{"name":"(anonymous_1)","decl":{"start":{"line":14,"column":17},"end":{"line":14,"column":18}},"loc":{"start":{"line":14,"column":37},"end":{"line":31,"column":1}},"line":14},"2":{"name":"(anonymous_2)","decl":{"start":{"line":33,"column":37},"end":{"line":33,"column":38}},"loc":{"start":{"line":33,"column":57},"end":{"line":52,"column":1}},"line":33},"3":{"name":"(anonymous_3)","decl":{"start":{"line":54,"column":48},"end":{"line":54,"column":49}},"loc":{"start":{"line":54,"column":68},"end":{"line":64,"column":1}},"line":54},"4":{"name":"(anonymous_4)","decl":{"start":{"line":66,"column":37},"end":{"line":66,"column":38}},"loc":{"start":{"line":66,"column":57},"end":{"line":76,"column":1}},"line":66}},"branchMap":{"0":{"loc":{"start":{"line":17,"column":4},"end":{"line":17,"column":69}},"type":"if","locations":[{"start":{"line":17,"column":4},"end":{"line":17,"column":69}},{"start":{"line":17,"column":4},"end":{"line":17,"column":69}}],"line":17},"1":{"loc":{"start":{"line":20,"column":4},"end":{"line":20,"column":69}},"type":"if","locations":[{"start":{"line":20,"column":4},"end":{"line":20,"column":69}},{"start":{"line":20,"column":4},"end":{"line":20,"column":69}}],"line":20},"2":{"loc":{"start":{"line":35,"column":4},"end":{"line":35,"column":69}},"type":"if","locations":[{"start":{"line":35,"column":4},"end":{"line":35,"column":69}},{"start":{"line":35,"column":4},"end":{"line":35,"column":69}}],"line":35},"3":{"loc":{"start":{"line":45,"column":4},"end":{"line":48,"column":63}},"type":"if","locations":[{"start":{"line":45,"column":4},"end":{"line":48,"column":63}},{"start":{"line":45,"column":4},"end":{"line":48,"column":63}}],"line":45},"4":{"loc":{"start":{"line":58,"column":4},"end":{"line":61,"column":63}},"type":"if","locations":[{"start":{"line":58,"column":4},"end":{"line":61,"column":63}},{"start":{"line":58,"column":4},"end":{"line":61,"column":63}}],"line":58},"5":{"loc":{"start":{"line":70,"column":4},"end":{"line":73,"column":63}},"type":"if","locations":[{"start":{"line":70,"column":4},"end":{"line":73,"column":63}},{"start":{"line":70,"column":4},"end":{"line":73,"column":63}}],"line":70}},"s":{"0":2,"1":2,"2":2,"3":2,"4":2,"5":2,"6":2,"7":2,"8":0,"9":0,"10":2,"11":5,"12":5,"13":5,"14":0,"15":0,"16":0,"17":0,"18":0,"19":0,"20":0,"21":0,"22":0,"23":2,"24":0,"25":0,"26":0,"27":0,"28":0,"29":0,"30":0,"31":2,"32":1,"33":1,"34":1,"35":0,"36":2,"37":2,"38":2,"39":2,"40":0,"41":2},"f":{"0":0,"1":5,"2":0,"3":1,"4":2},"b":{"0":[5,0],"1":[0,0],"2":[0,0],"3":[0,0],"4":[1,0],"5":[2,0]},"_coverageSchema":"1a1c01bbd47fc00a2c39e90264f33305004495a9","hash":"fa672fcf37c3d280c5a9c559541adb2e37952d2f"}
,"/Users/everettmcintire/Documents/csc/CSC436/server/startup/db.js": {"path":"/Users/everettmcintire/Documents/csc/CSC436/server/startup/db.js","statementMap":{"0":{"start":{"line":1,"column":17},"end":{"line":1,"column":36}},"1":{"start":{"line":2,"column":15},"end":{"line":2,"column":32}},"2":{"start":{"line":4,"column":0},"end":{"line":14,"column":2}},"3":{"start":{"line":5,"column":15},"end":{"line":5,"column":31}},"4":{"start":{"line":6,"column":4},"end":{"line":13,"column":58}},"5":{"start":{"line":13,"column":20},"end":{"line":13,"column":56}}},"fnMap":{"0":{"name":"(anonymous_0)","decl":{"start":{"line":4,"column":17},"end":{"line":4,"column":18}},"loc":{"start":{"line":4,"column":29},"end":{"line":14,"column":1}},"line":4},"1":{"name":"(anonymous_1)","decl":{"start":{"line":13,"column":14},"end":{"line":13,"column":15}},"loc":{"start":{"line":13,"column":20},"end":{"line":13,"column":56}},"line":13}},"branchMap":{},"s":{"0":2,"1":2,"2":2,"3":2,"4":2,"5":2},"f":{"0":2,"1":2},"b":{},"_coverageSchema":"1a1c01bbd47fc00a2c39e90264f33305004495a9","hash":"62846707bd2ebfe6f656b26b7a3a3a66ebed04ac"}
,"/Users/everettmcintire/Documents/csc/CSC436/server/startup/routes.js": {"path":"/Users/everettmcintire/Documents/csc/CSC436/server/startup/routes.js","statementMap":{"0":{"start":{"line":1,"column":16},"end":{"line":1,"column":34}},"1":{"start":{"line":2,"column":14},"end":{"line":2,"column":40}},"2":{"start":{"line":3,"column":13},"end":{"line":3,"column":38}},"3":{"start":{"line":4,"column":14},"end":{"line":4,"column":44}},"4":{"start":{"line":6,"column":0},"end":{"line":11,"column":1}},"5":{"start":{"line":7,"column":4},"end":{"line":7,"column":28}},"6":{"start":{"line":8,"column":4},"end":{"line":8,"column":33}},"7":{"start":{"line":9,"column":4},"end":{"line":9,"column":31}},"8":{"start":{"line":10,"column":4},"end":{"line":10,"column":19}}},"fnMap":{"0":{"name":"(anonymous_0)","decl":{"start":{"line":6,"column":17},"end":{"line":6,"column":18}},"loc":{"start":{"line":6,"column":31},"end":{"line":11,"column":1}},"line":6}},"branchMap":{},"s":{"0":2,"1":2,"2":2,"3":2,"4":2,"5":2,"6":2,"7":2,"8":2},"f":{"0":2},"b":{},"_coverageSchema":"1a1c01bbd47fc00a2c39e90264f33305004495a9","hash":"ae40a760253b813e3fa779a16ffdef591d9e05cb"}
,"/Users/everettmcintire/Documents/csc/CSC436/server/startup/validation.js": {"path":"/Users/everettmcintire/Documents/csc/CSC436/server/startup/validation.js","statementMap":{"0":{"start":{"line":1,"column":12},"end":{"line":1,"column":26}},"1":{"start":{"line":2,"column":0},"end":{"line":2,"column":44}},"2":{"start":{"line":4,"column":0},"end":{"line":6,"column":2}},"3":{"start":{"line":5,"column":4},"end":{"line":5,"column":48}}},"fnMap":{"0":{"name":"(anonymous_0)","decl":{"start":{"line":4,"column":17},"end":{"line":4,"column":18}},"loc":{"start":{"line":4,"column":29},"end":{"line":6,"column":1}},"line":4}},"branchMap":{},"s":{"0":2,"1":2,"2":2,"3":2},"f":{"0":2},"b":{},"_coverageSchema":"1a1c01bbd47fc00a2c39e90264f33305004495a9","hash":"7fb98cafe600973b4f525ed96e2d64c28a8fc1a3"}
}
