TN:
SF:index.js
FN:16,(anonymous_0)
FNF:1
FNH:1
FNDA:2,(anonymous_0)
DA:1,2
DA:2,2
DA:3,2
DA:4,2
DA:7,2
DA:8,2
DA:9,2
DA:11,2
DA:12,2
DA:15,2
DA:16,2
DA:18,2
LF:12
LH:12
BRDA:15,0,0,2
BRDA:15,0,1,2
BRF:2
BRH:2
end_of_record
TN:
SF:middleware/auth.js
FN:4,auth
FNF:1
FNH:1
FNDA:4,auth
DA:1,3
DA:2,3
DA:4,3
DA:5,4
DA:6,4
DA:8,3
DA:9,3
DA:10,2
DA:11,2
DA:13,1
LF:10
LH:10
BRDA:6,0,0,1
BRDA:6,0,1,3
BRF:2
BRH:2
end_of_record
TN:
SF:middleware/error.js
FN:1,(anonymous_0)
FNF:1
FNH:0
FNDA:0,(anonymous_0)
DA:1,2
DA:2,0
DA:3,0
LF:3
LH:1
BRF:0
BRH:0
end_of_record
TN:
SF:middleware/validateObjectId.js
FN:3,(anonymous_0)
FNF:1
FNH:1
FNDA:4,(anonymous_0)
DA:1,2
DA:3,2
DA:4,4
DA:5,1
DA:6,3
LF:5
LH:5
BRDA:4,0,0,1
BRDA:4,0,1,3
BRF:2
BRH:2
end_of_record
TN:
SF:models/user.js
FN:32,(anonymous_0)
FNF:1
FNH:1
FNDA:4,(anonymous_0)
DA:1,3
DA:2,3
DA:3,3
DA:4,3
DA:6,3
DA:32,3
DA:34,4
DA:40,3
DA:42,3
DA:51,3
DA:58,3
DA:59,3
DA:60,3
LF:13
LH:13
BRF:0
BRH:0
end_of_record
TN:
SF:routes/auth.js
FN:7,(anonymous_0)
FNF:1
FNH:0
FNDA:0,(anonymous_0)
DA:1,2
DA:2,2
DA:3,2
DA:4,2
DA:5,2
DA:7,2
DA:8,0
DA:9,0
DA:11,0
DA:12,0
DA:14,0
DA:15,0
DA:17,0
DA:18,0
DA:21,2
DA:26,2
LF:16
LH:8
BRDA:9,0,0,0
BRDA:9,0,1,0
BRDA:12,1,0,0
BRDA:12,1,1,0
BRDA:15,2,0,0
BRDA:15,2,1,0
BRF:6
BRH:0
end_of_record
TN:
SF:routes/users.js
FN:9,(anonymous_0)
FN:14,(anonymous_1)
FN:33,(anonymous_2)
FN:54,(anonymous_3)
FN:66,(anonymous_4)
FNF:5
FNH:3
FNDA:0,(anonymous_0)
FNDA:5,(anonymous_1)
FNDA:0,(anonymous_2)
FNDA:1,(anonymous_3)
FNDA:2,(anonymous_4)
DA:1,2
DA:2,2
DA:3,2
DA:4,2
DA:5,2
DA:6,2
DA:7,2
DA:9,2
DA:10,0
DA:11,0
DA:14,2
DA:16,5
DA:17,5
DA:19,0
DA:20,0
DA:22,0
DA:23,0
DA:24,0
DA:25,0
DA:27,0
DA:28,0
DA:33,2
DA:34,0
DA:35,0
DA:37,0
DA:45,0
DA:46,0
DA:50,0
DA:54,2
DA:56,1
DA:58,1
DA:59,1
DA:63,0
DA:66,2
DA:68,2
DA:70,2
DA:71,1
DA:75,1
DA:78,2
LF:39
LH:22
BRDA:17,0,0,5
BRDA:17,0,1,0
BRDA:20,1,0,0
BRDA:20,1,1,0
BRDA:35,2,0,0
BRDA:35,2,1,0
BRDA:45,3,0,0
BRDA:45,3,1,0
BRDA:58,4,0,1
BRDA:58,4,1,0
BRDA:70,5,0,1
BRDA:70,5,1,1
BRF:12
BRH:4
end_of_record
TN:
SF:startup/db.js
FN:4,(anonymous_0)
FN:13,(anonymous_1)
FNF:2
FNH:2
FNDA:2,(anonymous_0)
FNDA:2,(anonymous_1)
DA:1,2
DA:2,2
DA:4,2
DA:5,2
DA:6,2
DA:13,2
LF:6
LH:6
BRF:0
BRH:0
end_of_record
TN:
SF:startup/routes.js
FN:6,(anonymous_0)
FNF:1
FNH:1
FNDA:2,(anonymous_0)
DA:1,2
DA:2,2
DA:3,2
DA:4,2
DA:6,2
DA:7,2
DA:8,2
DA:9,2
DA:10,2
LF:9
LH:9
BRF:0
BRH:0
end_of_record
TN:
SF:startup/validation.js
FN:4,(anonymous_0)
FNF:1
FNH:1
FNDA:2,(anonymous_0)
DA:1,2
DA:2,2
DA:4,2
DA:5,2
LF:4
LH:4
BRF:0
BRH:0
end_of_record
